D, [2015-11-14T22:01:55.708127 #10468] DEBUG -- :   [1m[36m (2.9ms)[0m  [1mCREATE TABLE "schema_migrations" ("version" varchar NOT NULL) [0m
D, [2015-11-14T22:01:55.709008 #10468] DEBUG -- :   [1m[35m (0.1ms)[0m  select sqlite_version(*)
D, [2015-11-14T22:01:55.711500 #10468] DEBUG -- :   [1m[36m (1.8ms)[0m  [1mCREATE UNIQUE INDEX "unique_schema_migrations" ON "schema_migrations" ("version")[0m
D, [2015-11-14T22:01:55.712629 #10468] DEBUG -- :   [1m[35mActiveRecord::SchemaMigration Load (0.1ms)[0m  SELECT "schema_migrations".* FROM "schema_migrations"
I, [2015-11-14T22:01:55.718156 #10468]  INFO -- : Migrating to CreateImages (20151110231344)
D, [2015-11-14T22:01:55.719292 #10468] DEBUG -- :   [1m[36m (0.1ms)[0m  [1mbegin transaction[0m
D, [2015-11-14T22:01:55.723230 #10468] DEBUG -- :   [1m[35m (0.6ms)[0m  CREATE TABLE "images" ("id" INTEGER PRIMARY KEY AUTOINCREMENT NOT NULL, "filename" varchar, "private_or_public" boolean, "user_id" integer, "created_at" datetime NOT NULL, "updated_at" datetime NOT NULL) 
D, [2015-11-14T22:01:55.724004 #10468] DEBUG -- :   [1m[36m (0.2ms)[0m  [1mCREATE  INDEX "index_images_on_user_id" ON "images" ("user_id")[0m
D, [2015-11-14T22:01:55.733823 #10468] DEBUG -- :   [1m[35mSQL (0.2ms)[0m  INSERT INTO "schema_migrations" ("version") VALUES (?)  [["version", "20151110231344"]]
D, [2015-11-14T22:01:55.736705 #10468] DEBUG -- :   [1m[36m (2.6ms)[0m  [1mcommit transaction[0m
I, [2015-11-14T22:01:55.736797 #10468]  INFO -- : Migrating to CreateImageUsers (20151110234420)
D, [2015-11-14T22:01:55.737609 #10468] DEBUG -- :   [1m[35m (0.1ms)[0m  begin transaction
D, [2015-11-14T22:01:55.738733 #10468] DEBUG -- :   [1m[36m (0.3ms)[0m  [1mCREATE TABLE "image_users" ("id" INTEGER PRIMARY KEY AUTOINCREMENT NOT NULL, "user_id_id" integer, "image_id_id" integer, "created_at" datetime NOT NULL, "updated_at" datetime NOT NULL) [0m
D, [2015-11-14T22:01:55.739490 #10468] DEBUG -- :   [1m[35m (0.2ms)[0m  CREATE  INDEX "index_image_users_on_user_id_id" ON "image_users" ("user_id_id")
D, [2015-11-14T22:01:55.740213 #10468] DEBUG -- :   [1m[36m (0.2ms)[0m  [1m            SELECT sql
            FROM sqlite_master
            WHERE name='index_image_users_on_user_id_id' AND type='index'
            UNION ALL
            SELECT sql
            FROM sqlite_temp_master
            WHERE name='index_image_users_on_user_id_id' AND type='index'
[0m
D, [2015-11-14T22:01:55.740693 #10468] DEBUG -- :   [1m[35m (0.2ms)[0m  CREATE  INDEX "index_image_users_on_image_id_id" ON "image_users" ("image_id_id")
D, [2015-11-14T22:01:55.741751 #10468] DEBUG -- :   [1m[36mSQL (0.1ms)[0m  [1mINSERT INTO "schema_migrations" ("version") VALUES (?)[0m  [["version", "20151110234420"]]
D, [2015-11-14T22:01:55.744624 #10468] DEBUG -- :   [1m[35m (2.7ms)[0m  commit transaction
I, [2015-11-14T22:01:55.744743 #10468]  INFO -- : Migrating to CreateTags (20151111170255)
D, [2015-11-14T22:01:55.745528 #10468] DEBUG -- :   [1m[36m (0.1ms)[0m  [1mbegin transaction[0m
D, [2015-11-14T22:01:55.746492 #10468] DEBUG -- :   [1m[35m (0.3ms)[0m  CREATE TABLE "tags" ("id" INTEGER PRIMARY KEY AUTOINCREMENT NOT NULL, "str" varchar, "image_id" integer, "created_at" datetime NOT NULL, "updated_at" datetime NOT NULL) 
D, [2015-11-14T22:01:55.747989 #10468] DEBUG -- :   [1m[36mSQL (0.1ms)[0m  [1mINSERT INTO "schema_migrations" ("version") VALUES (?)[0m  [["version", "20151111170255"]]
D, [2015-11-14T22:01:55.750039 #10468] DEBUG -- :   [1m[35m (1.8ms)[0m  commit transaction
I, [2015-11-14T22:01:55.750136 #10468]  INFO -- : Migrating to DeviseCreateUsers (20151113172639)
D, [2015-11-14T22:01:55.752480 #10468] DEBUG -- :   [1m[36m (0.1ms)[0m  [1mbegin transaction[0m
D, [2015-11-14T22:01:55.753855 #10468] DEBUG -- :   [1m[35m (0.3ms)[0m  CREATE TABLE "users" ("id" INTEGER PRIMARY KEY AUTOINCREMENT NOT NULL, "email" varchar DEFAULT '' NOT NULL, "encrypted_password" varchar DEFAULT '' NOT NULL, "reset_password_token" varchar, "reset_password_sent_at" datetime, "remember_created_at" datetime, "sign_in_count" integer DEFAULT 0 NOT NULL, "current_sign_in_at" datetime, "last_sign_in_at" datetime, "current_sign_in_ip" varchar, "last_sign_in_ip" varchar, "created_at" datetime NOT NULL, "updated_at" datetime NOT NULL) 
D, [2015-11-14T22:01:55.755364 #10468] DEBUG -- :   [1m[36m (0.7ms)[0m  [1mCREATE UNIQUE INDEX "index_users_on_email" ON "users" ("email")[0m
D, [2015-11-14T22:01:55.756657 #10468] DEBUG -- :   [1m[35m (0.2ms)[0m              SELECT sql
            FROM sqlite_master
            WHERE name='index_users_on_email' AND type='index'
            UNION ALL
            SELECT sql
            FROM sqlite_temp_master
            WHERE name='index_users_on_email' AND type='index'

D, [2015-11-14T22:01:55.757526 #10468] DEBUG -- :   [1m[36m (0.4ms)[0m  [1mCREATE UNIQUE INDEX "index_users_on_reset_password_token" ON "users" ("reset_password_token")[0m
D, [2015-11-14T22:01:55.759277 #10468] DEBUG -- :   [1m[35mSQL (0.3ms)[0m  INSERT INTO "schema_migrations" ("version") VALUES (?)  [["version", "20151113172639"]]
D, [2015-11-14T22:01:55.762011 #10468] DEBUG -- :   [1m[36m (2.4ms)[0m  [1mcommit transaction[0m
I, [2015-11-14T22:01:55.762137 #10468]  INFO -- : Migrating to AddNameToUsers (20151113172719)
D, [2015-11-14T22:01:55.763191 #10468] DEBUG -- :   [1m[35m (0.1ms)[0m  begin transaction
D, [2015-11-14T22:01:55.764293 #10468] DEBUG -- :   [1m[36m (0.5ms)[0m  [1mALTER TABLE "users" ADD "name" varchar[0m
D, [2015-11-14T22:01:55.765675 #10468] DEBUG -- :   [1m[35mSQL (0.2ms)[0m  INSERT INTO "schema_migrations" ("version") VALUES (?)  [["version", "20151113172719"]]
D, [2015-11-14T22:01:55.769388 #10468] DEBUG -- :   [1m[36m (3.4ms)[0m  [1mcommit transaction[0m
I, [2015-11-14T22:01:55.769503 #10468]  INFO -- : Migrating to RenameColumnprivateOrPublicinTableimagestoprivate (20151114173504)
D, [2015-11-14T22:01:55.770597 #10468] DEBUG -- :   [1m[35m (0.1ms)[0m  begin transaction
D, [2015-11-14T22:01:55.773284 #10468] DEBUG -- :   [1m[36m (0.5ms)[0m  [1mCREATE TEMPORARY TABLE "aimages" ("id" INTEGER PRIMARY KEY AUTOINCREMENT NOT NULL, "filename" varchar, "private" boolean, "user_id" integer, "created_at" datetime NOT NULL, "updated_at" datetime NOT NULL) [0m
D, [2015-11-14T22:01:55.773855 #10468] DEBUG -- :   [1m[35m (0.1ms)[0m              SELECT sql
            FROM sqlite_master
            WHERE name='index_images_on_user_id' AND type='index'
            UNION ALL
            SELECT sql
            FROM sqlite_temp_master
            WHERE name='index_images_on_user_id' AND type='index'

D, [2015-11-14T22:01:55.774967 #10468] DEBUG -- :   [1m[36m (0.2ms)[0m  [1mCREATE  INDEX "tindex_aimages_on_user_id" ON "aimages" ("user_id")[0m
D, [2015-11-14T22:01:55.775755 #10468] DEBUG -- :   [1m[35m (0.1ms)[0m  SELECT * FROM "images"
D, [2015-11-14T22:01:55.776171 #10468] DEBUG -- :   [1m[36m (0.3ms)[0m  [1mDROP TABLE "images"[0m
D, [2015-11-14T22:01:55.777091 #10468] DEBUG -- :   [1m[35m (0.2ms)[0m  CREATE TABLE "images" ("id" INTEGER PRIMARY KEY AUTOINCREMENT NOT NULL, "filename" varchar, "private" boolean, "user_id" integer, "created_at" datetime NOT NULL, "updated_at" datetime NOT NULL) 
D, [2015-11-14T22:01:55.777516 #10468] DEBUG -- :   [1m[36m (0.1ms)[0m  [1m            SELECT sql
            FROM sqlite_master
            WHERE name='tindex_aimages_on_user_id' AND type='index'
            UNION ALL
            SELECT sql
            FROM sqlite_temp_master
            WHERE name='tindex_aimages_on_user_id' AND type='index'
[0m
D, [2015-11-14T22:01:55.778585 #10468] DEBUG -- :   [1m[35m (0.2ms)[0m  CREATE  INDEX "index_images_on_user_id" ON "images" ("user_id")
D, [2015-11-14T22:01:55.779366 #10468] DEBUG -- :   [1m[36m (0.1ms)[0m  [1mSELECT * FROM "aimages"[0m
D, [2015-11-14T22:01:55.779751 #10468] DEBUG -- :   [1m[35m (0.3ms)[0m  DROP TABLE "aimages"
D, [2015-11-14T22:01:55.780155 #10468] DEBUG -- :   [1m[36m (0.1ms)[0m  [1m            SELECT sql
            FROM sqlite_master
            WHERE name='index_images_on_user_id' AND type='index'
            UNION ALL
            SELECT sql
            FROM sqlite_temp_master
            WHERE name='index_images_on_user_id' AND type='index'
[0m
D, [2015-11-14T22:01:55.781552 #10468] DEBUG -- :   [1m[35mSQL (0.1ms)[0m  INSERT INTO "schema_migrations" ("version") VALUES (?)  [["version", "20151114173504"]]
D, [2015-11-14T22:01:55.787416 #10468] DEBUG -- :   [1m[36m (5.4ms)[0m  [1mcommit transaction[0m
I, [2015-11-14T22:01:55.787744 #10468]  INFO -- : Migrating to RenameColumnuserIdIdinTableimageUserstouserIdwq (20151114174215)
D, [2015-11-14T22:01:55.791215 #10468] DEBUG -- :   [1m[35m (0.4ms)[0m  begin transaction
D, [2015-11-14T22:01:55.794801 #10468] DEBUG -- :   [1m[36m (0.6ms)[0m  [1mCREATE TEMPORARY TABLE "aimage_users" ("id" INTEGER PRIMARY KEY AUTOINCREMENT NOT NULL, "user_id" integer, "image_id_id" integer, "created_at" datetime NOT NULL, "updated_at" datetime NOT NULL) [0m
D, [2015-11-14T22:01:55.795836 #10468] DEBUG -- :   [1m[35m (0.3ms)[0m              SELECT sql
            FROM sqlite_master
            WHERE name='index_image_users_on_image_id_id' AND type='index'
            UNION ALL
            SELECT sql
            FROM sqlite_temp_master
            WHERE name='index_image_users_on_image_id_id' AND type='index'

D, [2015-11-14T22:01:55.796610 #10468] DEBUG -- :   [1m[36m (0.2ms)[0m  [1m            SELECT sql
            FROM sqlite_master
            WHERE name='index_image_users_on_user_id_id' AND type='index'
            UNION ALL
            SELECT sql
            FROM sqlite_temp_master
            WHERE name='index_image_users_on_user_id_id' AND type='index'
[0m
D, [2015-11-14T22:01:55.797970 #10468] DEBUG -- :   [1m[35m (0.2ms)[0m  CREATE  INDEX "tindex_aimage_users_on_image_id_id" ON "aimage_users" ("image_id_id")
D, [2015-11-14T22:01:55.798831 #10468] DEBUG -- :   [1m[36m (0.2ms)[0m  [1mCREATE  INDEX "tindex_aimage_users_on_user_id_id" ON "aimage_users" ("user_id")[0m
D, [2015-11-14T22:01:55.799617 #10468] DEBUG -- :   [1m[35m (0.1ms)[0m  SELECT * FROM "image_users"
D, [2015-11-14T22:01:55.800076 #10468] DEBUG -- :   [1m[36m (0.3ms)[0m  [1mDROP TABLE "image_users"[0m
D, [2015-11-14T22:01:55.800996 #10468] DEBUG -- :   [1m[35m (0.2ms)[0m  CREATE TABLE "image_users" ("id" INTEGER PRIMARY KEY AUTOINCREMENT NOT NULL, "user_id" integer, "image_id_id" integer, "created_at" datetime NOT NULL, "updated_at" datetime NOT NULL) 
D, [2015-11-14T22:01:55.801429 #10468] DEBUG -- :   [1m[36m (0.1ms)[0m  [1m            SELECT sql
            FROM sqlite_master
            WHERE name='tindex_aimage_users_on_user_id_id' AND type='index'
            UNION ALL
            SELECT sql
            FROM sqlite_temp_master
            WHERE name='tindex_aimage_users_on_user_id_id' AND type='index'
[0m
D, [2015-11-14T22:01:55.801845 #10468] DEBUG -- :   [1m[35m (0.1ms)[0m              SELECT sql
            FROM sqlite_master
            WHERE name='tindex_aimage_users_on_image_id_id' AND type='index'
            UNION ALL
            SELECT sql
            FROM sqlite_temp_master
            WHERE name='tindex_aimage_users_on_image_id_id' AND type='index'

D, [2015-11-14T22:01:55.802896 #10468] DEBUG -- :   [1m[36m (0.2ms)[0m  [1mCREATE  INDEX "index_image_users_on_user_id_id" ON "image_users" ("user_id")[0m
D, [2015-11-14T22:01:55.803793 #10468] DEBUG -- :   [1m[35m (0.1ms)[0m              SELECT sql
            FROM sqlite_master
            WHERE name='index_image_users_on_user_id_id' AND type='index'
            UNION ALL
            SELECT sql
            FROM sqlite_temp_master
            WHERE name='index_image_users_on_user_id_id' AND type='index'

D, [2015-11-14T22:01:55.804296 #10468] DEBUG -- :   [1m[36m (0.2ms)[0m  [1mCREATE  INDEX "index_image_users_on_image_id_id" ON "image_users" ("image_id_id")[0m
D, [2015-11-14T22:01:55.804975 #10468] DEBUG -- :   [1m[35m (0.1ms)[0m  SELECT * FROM "aimage_users"
D, [2015-11-14T22:01:55.805357 #10468] DEBUG -- :   [1m[36m (0.3ms)[0m  [1mDROP TABLE "aimage_users"[0m
D, [2015-11-14T22:01:55.805790 #10468] DEBUG -- :   [1m[35m (0.1ms)[0m              SELECT sql
            FROM sqlite_master
            WHERE name='index_image_users_on_image_id_id' AND type='index'
            UNION ALL
            SELECT sql
            FROM sqlite_temp_master
            WHERE name='index_image_users_on_image_id_id' AND type='index'

D, [2015-11-14T22:01:55.806212 #10468] DEBUG -- :   [1m[36m (0.1ms)[0m  [1m            SELECT sql
            FROM sqlite_master
            WHERE name='index_image_users_on_user_id_id' AND type='index'
            UNION ALL
            SELECT sql
            FROM sqlite_temp_master
            WHERE name='index_image_users_on_user_id_id' AND type='index'
[0m
D, [2015-11-14T22:01:55.806749 #10468] DEBUG -- :   [1m[35m (0.1ms)[0m              SELECT sql
            FROM sqlite_master
            WHERE name='index_image_users_on_image_id_id' AND type='index'
            UNION ALL
            SELECT sql
            FROM sqlite_temp_master
            WHERE name='index_image_users_on_image_id_id' AND type='index'

D, [2015-11-14T22:01:55.807205 #10468] DEBUG -- :   [1m[36m (0.1ms)[0m  [1m            SELECT sql
            FROM sqlite_master
            WHERE name='index_image_users_on_user_id_id' AND type='index'
            UNION ALL
            SELECT sql
            FROM sqlite_temp_master
            WHERE name='index_image_users_on_user_id_id' AND type='index'
[0m
D, [2015-11-14T22:01:55.807922 #10468] DEBUG -- :   [1m[35m (0.1ms)[0m              SELECT sql
            FROM sqlite_master
            WHERE name='index_image_users_on_image_id_id' AND type='index'
            UNION ALL
            SELECT sql
            FROM sqlite_temp_master
            WHERE name='index_image_users_on_image_id_id' AND type='index'

D, [2015-11-14T22:01:55.808319 #10468] DEBUG -- :   [1m[36m (0.1ms)[0m  [1m            SELECT sql
            FROM sqlite_master
            WHERE name='index_image_users_on_user_id_id' AND type='index'
            UNION ALL
            SELECT sql
            FROM sqlite_temp_master
            WHERE name='index_image_users_on_user_id_id' AND type='index'
[0m
D, [2015-11-14T22:01:55.808807 #10468] DEBUG -- :   [1m[35m (0.2ms)[0m  CREATE  INDEX "index_image_users_on_user_id" ON "image_users" ("user_id")
D, [2015-11-14T22:01:55.809259 #10468] DEBUG -- :   [1m[36m (0.1ms)[0m  [1m            SELECT sql
            FROM sqlite_master
            WHERE name='index_image_users_on_user_id' AND type='index'
            UNION ALL
            SELECT sql
            FROM sqlite_temp_master
            WHERE name='index_image_users_on_user_id' AND type='index'
[0m
D, [2015-11-14T22:01:55.809657 #10468] DEBUG -- :   [1m[35m (0.1ms)[0m              SELECT sql
            FROM sqlite_master
            WHERE name='index_image_users_on_image_id_id' AND type='index'
            UNION ALL
            SELECT sql
            FROM sqlite_temp_master
            WHERE name='index_image_users_on_image_id_id' AND type='index'

D, [2015-11-14T22:01:55.810060 #10468] DEBUG -- :   [1m[36m (0.1ms)[0m  [1m            SELECT sql
            FROM sqlite_master
            WHERE name='index_image_users_on_user_id_id' AND type='index'
            UNION ALL
            SELECT sql
            FROM sqlite_temp_master
            WHERE name='index_image_users_on_user_id_id' AND type='index'
[0m
D, [2015-11-14T22:01:55.810550 #10468] DEBUG -- :   [1m[35m (0.2ms)[0m  DROP INDEX "index_image_users_on_user_id_id"
D, [2015-11-14T22:01:55.812117 #10468] DEBUG -- :   [1m[36mSQL (0.2ms)[0m  [1mINSERT INTO "schema_migrations" ("version") VALUES (?)[0m  [["version", "20151114174215"]]
D, [2015-11-14T22:01:55.815812 #10468] DEBUG -- :   [1m[35m (3.4ms)[0m  commit transaction
I, [2015-11-14T22:01:55.815956 #10468]  INFO -- : Migrating to RenameColumnimageIdIdinTableimageUserstoimageId (20151114174452)
D, [2015-11-14T22:01:55.817306 #10468] DEBUG -- :   [1m[36m (0.1ms)[0m  [1mbegin transaction[0m
D, [2015-11-14T22:01:55.820269 #10468] DEBUG -- :   [1m[35m (0.4ms)[0m  CREATE TEMPORARY TABLE "aimage_users" ("id" INTEGER PRIMARY KEY AUTOINCREMENT NOT NULL, "user_id" integer, "image_id" integer, "created_at" datetime NOT NULL, "updated_at" datetime NOT NULL) 
D, [2015-11-14T22:01:55.821033 #10468] DEBUG -- :   [1m[36m (0.2ms)[0m  [1m            SELECT sql
            FROM sqlite_master
            WHERE name='index_image_users_on_user_id' AND type='index'
            UNION ALL
            SELECT sql
            FROM sqlite_temp_master
            WHERE name='index_image_users_on_user_id' AND type='index'
[0m
D, [2015-11-14T22:01:55.821618 #10468] DEBUG -- :   [1m[35m (0.1ms)[0m              SELECT sql
            FROM sqlite_master
            WHERE name='index_image_users_on_image_id_id' AND type='index'
            UNION ALL
            SELECT sql
            FROM sqlite_temp_master
            WHERE name='index_image_users_on_image_id_id' AND type='index'

D, [2015-11-14T22:01:55.822572 #10468] DEBUG -- :   [1m[36m (0.2ms)[0m  [1mCREATE  INDEX "tindex_aimage_users_on_user_id" ON "aimage_users" ("user_id")[0m
D, [2015-11-14T22:01:55.823405 #10468] DEBUG -- :   [1m[35m (0.2ms)[0m  CREATE  INDEX "tindex_aimage_users_on_image_id_id" ON "aimage_users" ("image_id")
D, [2015-11-14T22:01:55.824080 #10468] DEBUG -- :   [1m[36m (0.1ms)[0m  [1mSELECT * FROM "image_users"[0m
D, [2015-11-14T22:01:55.824541 #10468] DEBUG -- :   [1m[35m (0.3ms)[0m  DROP TABLE "image_users"
D, [2015-11-14T22:01:55.825429 #10468] DEBUG -- :   [1m[36m (0.2ms)[0m  [1mCREATE TABLE "image_users" ("id" INTEGER PRIMARY KEY AUTOINCREMENT NOT NULL, "user_id" integer, "image_id" integer, "created_at" datetime NOT NULL, "updated_at" datetime NOT NULL) [0m
D, [2015-11-14T22:01:55.825834 #10468] DEBUG -- :   [1m[35m (0.1ms)[0m              SELECT sql
            FROM sqlite_master
            WHERE name='tindex_aimage_users_on_image_id_id' AND type='index'
            UNION ALL
            SELECT sql
            FROM sqlite_temp_master
            WHERE name='tindex_aimage_users_on_image_id_id' AND type='index'

D, [2015-11-14T22:01:55.826238 #10468] DEBUG -- :   [1m[36m (0.1ms)[0m  [1m            SELECT sql
            FROM sqlite_master
            WHERE name='tindex_aimage_users_on_user_id' AND type='index'
            UNION ALL
            SELECT sql
            FROM sqlite_temp_master
            WHERE name='tindex_aimage_users_on_user_id' AND type='index'
[0m
D, [2015-11-14T22:01:55.827290 #10468] DEBUG -- :   [1m[35m (0.2ms)[0m  CREATE  INDEX "index_image_users_on_image_id_id" ON "image_users" ("image_id")
D, [2015-11-14T22:01:55.828138 #10468] DEBUG -- :   [1m[36m (0.1ms)[0m  [1m            SELECT sql
            FROM sqlite_master
            WHERE name='index_image_users_on_image_id_id' AND type='index'
            UNION ALL
            SELECT sql
            FROM sqlite_temp_master
            WHERE name='index_image_users_on_image_id_id' AND type='index'
[0m
D, [2015-11-14T22:01:55.828618 #10468] DEBUG -- :   [1m[35m (0.2ms)[0m  CREATE  INDEX "index_image_users_on_user_id" ON "image_users" ("user_id")
D, [2015-11-14T22:01:55.829317 #10468] DEBUG -- :   [1m[36m (0.1ms)[0m  [1mSELECT * FROM "aimage_users"[0m
D, [2015-11-14T22:01:55.829647 #10468] DEBUG -- :   [1m[35m (0.2ms)[0m  DROP TABLE "aimage_users"
D, [2015-11-14T22:01:55.830067 #10468] DEBUG -- :   [1m[36m (0.1ms)[0m  [1m            SELECT sql
            FROM sqlite_master
            WHERE name='index_image_users_on_user_id' AND type='index'
            UNION ALL
            SELECT sql
            FROM sqlite_temp_master
            WHERE name='index_image_users_on_user_id' AND type='index'
[0m
D, [2015-11-14T22:01:55.830483 #10468] DEBUG -- :   [1m[35m (0.1ms)[0m              SELECT sql
            FROM sqlite_master
            WHERE name='index_image_users_on_image_id_id' AND type='index'
            UNION ALL
            SELECT sql
            FROM sqlite_temp_master
            WHERE name='index_image_users_on_image_id_id' AND type='index'

D, [2015-11-14T22:01:55.831030 #10468] DEBUG -- :   [1m[36m (0.1ms)[0m  [1m            SELECT sql
            FROM sqlite_master
            WHERE name='index_image_users_on_user_id' AND type='index'
            UNION ALL
            SELECT sql
            FROM sqlite_temp_master
            WHERE name='index_image_users_on_user_id' AND type='index'
[0m
D, [2015-11-14T22:01:55.831445 #10468] DEBUG -- :   [1m[35m (0.1ms)[0m              SELECT sql
            FROM sqlite_master
            WHERE name='index_image_users_on_image_id_id' AND type='index'
            UNION ALL
            SELECT sql
            FROM sqlite_temp_master
            WHERE name='index_image_users_on_image_id_id' AND type='index'

D, [2015-11-14T22:01:55.832205 #10468] DEBUG -- :   [1m[36m (0.1ms)[0m  [1m            SELECT sql
            FROM sqlite_master
            WHERE name='index_image_users_on_user_id' AND type='index'
            UNION ALL
            SELECT sql
            FROM sqlite_temp_master
            WHERE name='index_image_users_on_user_id' AND type='index'
[0m
D, [2015-11-14T22:01:55.832576 #10468] DEBUG -- :   [1m[35m (0.1ms)[0m              SELECT sql
            FROM sqlite_master
            WHERE name='index_image_users_on_image_id_id' AND type='index'
            UNION ALL
            SELECT sql
            FROM sqlite_temp_master
            WHERE name='index_image_users_on_image_id_id' AND type='index'

D, [2015-11-14T22:01:55.833095 #10468] DEBUG -- :   [1m[36m (0.2ms)[0m  [1mCREATE  INDEX "index_image_users_on_image_id" ON "image_users" ("image_id")[0m
D, [2015-11-14T22:01:55.833539 #10468] DEBUG -- :   [1m[35m (0.1ms)[0m              SELECT sql
            FROM sqlite_master
            WHERE name='index_image_users_on_image_id' AND type='index'
            UNION ALL
            SELECT sql
            FROM sqlite_temp_master
            WHERE name='index_image_users_on_image_id' AND type='index'

D, [2015-11-14T22:01:55.833955 #10468] DEBUG -- :   [1m[36m (0.1ms)[0m  [1m            SELECT sql
            FROM sqlite_master
            WHERE name='index_image_users_on_user_id' AND type='index'
            UNION ALL
            SELECT sql
            FROM sqlite_temp_master
            WHERE name='index_image_users_on_user_id' AND type='index'
[0m
D, [2015-11-14T22:01:55.834335 #10468] DEBUG -- :   [1m[35m (0.1ms)[0m              SELECT sql
            FROM sqlite_master
            WHERE name='index_image_users_on_image_id_id' AND type='index'
            UNION ALL
            SELECT sql
            FROM sqlite_temp_master
            WHERE name='index_image_users_on_image_id_id' AND type='index'

D, [2015-11-14T22:01:55.834856 #10468] DEBUG -- :   [1m[36m (0.2ms)[0m  [1mDROP INDEX "index_image_users_on_image_id_id"[0m
D, [2015-11-14T22:01:55.836109 #10468] DEBUG -- :   [1m[35mSQL (0.2ms)[0m  INSERT INTO "schema_migrations" ("version") VALUES (?)  [["version", "20151114174452"]]
D, [2015-11-14T22:01:55.838690 #10468] DEBUG -- :   [1m[36m (2.4ms)[0m  [1mcommit transaction[0m
